<?xml version="1.0" encoding="UTF-8"?>
<testsuite name="agh.ii.prinjava.lab03.exc03_01.impl.LinkedListBasedImplTest" tests="7" skipped="0" failures="0" errors="0" timestamp="2023-10-12T19:06:14" hostname="ALEX-LAPTOP" time="0.1">
  <properties/>
  <testcase name="dequeueDecreasesSize()" classname="agh.ii.prinjava.lab03.exc03_01.impl.LinkedListBasedImplTest" time="0.038"/>
  <testcase name="enqueueIncreasesSize()" classname="agh.ii.prinjava.lab03.exc03_01.impl.LinkedListBasedImplTest" time="0.002"/>
  <testcase name="newQueueIsEmpty()" classname="agh.ii.prinjava.lab03.exc03_01.impl.LinkedListBasedImplTest" time="0.01"/>
  <testcase name="peekReturnsFrontWithoutRemoval()" classname="agh.ii.prinjava.lab03.exc03_01.impl.LinkedListBasedImplTest" time="0.006"/>
  <testcase name="dequeueReturnsCorrectValue()" classname="agh.ii.prinjava.lab03.exc03_01.impl.LinkedListBasedImplTest" time="0.003"/>
  <testcase name="dequeueOnEmptyQueueThrowsException()" classname="agh.ii.prinjava.lab03.exc03_01.impl.LinkedListBasedImplTest" time="0.003"/>
  <testcase name="peekOnEmptyQueueThrowsException()" classname="agh.ii.prinjava.lab03.exc03_01.impl.LinkedListBasedImplTest" time="0.003"/>
  <system-out><![CDATA[]]></system-out>
  <system-err><![CDATA[]]></system-err>
</testsuite>
