<?xml version="1.0" encoding="UTF-8"?>
<testsuite name="agh.ii.prinjava.lab01.lst01_02.MainTest" tests="1" skipped="0" failures="0" errors="0" timestamp="2023-10-12T18:24:03" hostname="ALEX-LAPTOP" time="0.005">
  <properties/>
  <testcase name="testMain()" classname="agh.ii.prinjava.lab01.lst01_02.MainTest" time="0.005"/>
  <system-out><![CDATA[]]></system-out>
  <system-err><![CDATA[]]></system-err>
</testsuite>
