<?xml version="1.0" encoding="UTF-8"?>
<testsuite name="agh.ii.prinjava.lab01.lst01_03.MainTest" tests="4" skipped="0" failures="0" errors="0" timestamp="2023-09-21T20:41:56" hostname="ALEX-LAPTOP" time="0.012">
  <properties/>
  <testcase name="testAreaRect()" classname="agh.ii.prinjava.lab01.lst01_03.MainTest" time="0.005"/>
  <testcase name="testAreaCircle()" classname="agh.ii.prinjava.lab01.lst01_03.MainTest" time="0.002"/>
  <testcase name="testPerimeterRect()" classname="agh.ii.prinjava.lab01.lst01_03.MainTest" time="0.001"/>
  <testcase name="testPerimterCircle()" classname="agh.ii.prinjava.lab01.lst01_03.MainTest" time="0.001"/>
  <system-out><![CDATA[]]></system-out>
  <system-err><![CDATA[]]></system-err>
</testsuite>
