<?xml version="1.0" encoding="UTF-8"?>
<testsuite name="agh.ii.prinjava.lab01.lst01_03.MainTest" tests="4" skipped="0" failures="0" errors="0" timestamp="2023-10-12T18:24:03" hostname="ALEX-LAPTOP" time="0.027">
  <properties/>
  <testcase name="testPerimeterCircle()" classname="agh.ii.prinjava.lab01.lst01_03.MainTest" time="0.008"/>
  <testcase name="testAreaRect()" classname="agh.ii.prinjava.lab01.lst01_03.MainTest" time="0.007"/>
  <testcase name="testAreaCircle()" classname="agh.ii.prinjava.lab01.lst01_03.MainTest" time="0.003"/>
  <testcase name="testPerimeterRect()" classname="agh.ii.prinjava.lab01.lst01_03.MainTest" time="0.001"/>
  <system-out><![CDATA[]]></system-out>
  <system-err><![CDATA[]]></system-err>
</testsuite>
