<?xml version="1.0" encoding="UTF-8"?>
<testsuite name="agh.ii.prinjava.proj1.impl.MyStackDLLBImplTest" tests="4" skipped="0" failures="0" errors="0" timestamp="2023-10-20T11:25:10" hostname="ALEX-LAPTOP" time="0.055">
  <properties/>
  <testcase name="testPop()" classname="agh.ii.prinjava.proj1.impl.MyStackDLLBImplTest" time="0.041"/>
  <testcase name="testPeek()" classname="agh.ii.prinjava.proj1.impl.MyStackDLLBImplTest" time="0.003"/>
  <testcase name="testPush()" classname="agh.ii.prinjava.proj1.impl.MyStackDLLBImplTest" time="0.003"/>
  <testcase name="testNumOfElems()" classname="agh.ii.prinjava.proj1.impl.MyStackDLLBImplTest" time="0.002"/>
  <system-out><![CDATA[]]></system-out>
  <system-err><![CDATA[]]></system-err>
</testsuite>
